Impossible.
Impossible.
Impossible.
Impossible.
Impossible.
Impossible.
Impossible.
Impossible.
Impossible.
Impossible.
Impossible.
2 2 2 2
2 3 2 2
2 2 3 3
2 3 3 3
2 2 3 5
2 3 3 5
2 2 3 7
2 3 3 7
2 2 5 7
2 3 5 7
2 2 3 11
2 3 3 11
2 2 3 13
2 3 3 13
2 2 5 13
2 3 5 13
2 2 3 17
2 3 3 17
2 2 3 19
2 3 3 19
2 2 5 19
2 3 5 19
2 2 3 23
2 3 3 23
2 2 5 23
2 3 5 23
2 2 7 23
2 3 7 23
2 2 3 29
2 2 7 31
2 3 7 31
2 2 5 37
2 2 3 43
2 2 3 47
2 3 3 47
2 2 5 47
2 3 3 79
2 2 5 79
2 3 5 79
2 2 3 83
2 3 3 83
2 2 5 83
2 3 5 83
2 2 7 83
2 3 7 83
2 2 3 89
2 3 3 89
2 2 5 89
2 3 5 89
2 2 7 89
2 3 7 89
2 2 19 79
2 3 19 79
2 2 5 103
2 3 5 103
2 2 3 107
2 3 3 107
2 2 3 109
2 3 3 109
2 2 5 109
2 3 5 109
2 2 3 113
2 3 3 113
2 2 5 113
2 3 5 113
2 2 7 113
2 3 7 113
2 2 13 109
2 3 13 109
2 2 11 113
2 3 11 113
2 2 13 113
2 3 13 113
2 2 19 109
2 3 19 109
2 3 5 127
2 3 3 229
2 3 5 233
2 3 11 239
2 3 5 293
2 2 19 379
2 3 3 421
2 2 19 499
2 3 19 499
2 2 11 509
2 3 11 509
2 2 13 509
2 3 13 509
2 2 3 521
2 3 3 521
2 2 3 523
2 3 3 523
2 2 5 523
2 3 5 523
2 2 7 523
2 3 7 523
2 2 11 521
2 3 11 521
2 2 11 523
2 3 11 523
2 2 13 523
2 3 13 523
2 2 17 521
2 3 17 521
2 2 17 523
2 3 17 523
2 2 19 523
2 3 19 523
2 3 3 769
2 2 5 877
2 3 5 877
2 2 3 881
2 3 3 881
2 2 3 883
2 3 3 883
2 2 5 883
2 3 5 883
2 2 3 887
2 3 3 887
2 2 5 887
2 3 5 887
2 2 7 887
2 3 7 887
2 2 13 883
2 3 13 883
2 2 11 887
2 3 11 887
2 2 13 887
2 3 13 887
2 2 19 883
2 3 19 883
2 2 17 887
2 3 17 887
2 2 19 887
2 3 19 887
2 2 31 877
2 3 31 877
2 2 7 1013
2 2 7 1117
2 3 7 1117
2 2 3 1123
2 3 3 1123
2 2 5 1123
2 3 5 1123
2 2 7 1123
2 3 7 1123
2 2 3 1129
2 3 3 1129
2 2 5 1129
2 3 5 1129
2 2 7 1129
2 3 7 1129
2 2 29 1109
2 3 29 1109
2 2 11 1129
2 3 11 1129
2 2 13 1129
2 3 13 1129
2 2 41 1103
2 3 41 1103
2 2 17 1129
2 3 17 1129
2 2 19 1129
2 3 19 1129
2 2 41 1109
2 3 41 1109
2 2 23 1129
2 3 23 1129
2 2 3 1319
2 3 3 1319
2 2 3 1321
2 3 3 1321
2 2 5 1321
2 3 5 1321
2 2 7 1321
2 3 7 1321
2 2 3 1327
2 3 3 1327
2 2 5 1327
2 3 5 1327
2 2 7 1327
2 3 7 1327
2 2 17 1319
2 3 17 1319
2 2 11 1327
2 3 11 1327
2 2 13 1327
2 3 13 1327
2 2 23 1319
2 3 23 1319
2 2 17 1327
2 3 17 1327
2 2 19 1327
2 3 19 1327
2 2 29 1319
2 3 29 1319
2 2 23 1327
2 3 23 1327
2 2 31 1321
2 3 31 1321
2 2 47 1307
2 3 47 1307
2 2 29 1327
2 3 29 1327
2 2 31 1327
2 3 31 1327
2 2 41 1319
2 3 41 1319
2 2 41 1321
2 3 41 1321
2 2 7 1789
2 3 3 1999
2 3 3 2029
2 2 43 2389
2 2 19 2477
2 3 37 3067
2 3 5 3109
2 3 7 3109
2 3 11 3121
2 3 11 3259
2 2 5 3637
2 2 7 3989
2 2 3 4993
2 2 5 5023
2 2 31 5581
2 2 47 5591
2 3 3 8237
2 2 7 9539
2 3 7 9539
2 2 37 9511
2 3 37 9511
2 2 3 9547
2 3 3 9547
2 2 5 9547
2 3 5 9547
2 2 3 9551
2 3 3 9551
2 2 5 9551
2 3 5 9551
2 2 7 9551
2 3 7 9551
2 2 13 9547
2 3 13 9547
2 2 11 9551
2 3 11 9551
2 2 13 9551
2 3 13 9551
2 2 19 9547
2 3 19 9547
2 2 17 9551
2 3 17 9551
2 2 19 9551
2 3 19 9551
2 2 61 9511
2 3 61 9511
2 2 23 9551
2 3 23 9551
2 2 29 9547
2 3 29 9547
2 2 31 9547
2 3 31 9547
2 2 29 9551
2 3 29 9551
2 2 31 9551
2 3 31 9551
2 2 37 9547
2 3 37 9547
2 2 47 9539
2 3 47 9539
2 2 37 9551
2 3 37 9551
2 2 23 9973
2 3 11 12329
2 2 7 15671
2 3 7 15671
2 2 13 15667
2 3 13 15667
2 2 3 15679
2 3 3 15679
2 2 5 15679
2 3 5 15679
2 2 3 15683
2 3 3 15683
2 2 5 15683
2 3 5 15683
2 2 7 15683
2 3 7 15683
2 2 13 15679
2 3 13 15679
2 2 11 15683
2 3 11 15683
2 2 13 15683
2 3 13 15683
2 2 19 15679
2 3 19 15679
2 2 17 15683
2 3 17 15683
2 2 19 15683
2 3 19 15683
2 2 37 15667
2 3 37 15667
2 2 23 15683
2 3 23 15683
2 2 29 15679
2 3 29 15679
2 2 31 15679
2 3 31 15679
2 2 29 15683
2 3 29 15683
2 2 31 15683
2 3 31 15683
2 2 37 15679
2 3 37 15679
2 2 47 15671
2 3 47 15671
2 2 37 15683
2 3 37 15683
2 2 43 15679
2 3 43 15679
2 2 41 15683
2 3 41 15683
2 2 43 15683
2 3 43 15683
2 2 61 15667
2 3 61 15667
2 2 41 16141
2 2 7 19597
2 3 7 19597
2 2 3 19603
2 3 3 19603
2 2 5 19603
2 3 5 19603
2 2 7 19603
2 3 7 19603
2 2 3 19609
2 3 3 19609
2 2 5 19609
2 3 5 19609
2 2 7 19609
2 3 7 19609
2 2 41 19577
2 3 41 19577
2 2 11 19609
2 3 11 19609
2 2 13 19609
2 3 13 19609
2 2 41 19583
2 3 41 19583
2 2 17 19609
2 3 17 19609
2 2 19 19609
2 3 19 19609
2 2 47 19583
2 3 47 19583
2 2 23 19609
2 3 23 19609
2 2 31 19603
2 3 31 19603
2 2 53 19583
2 3 53 19583
2 2 29 19609
2 3 29 19609
2 2 31 19609
2 3 31 19609
2 2 59 19583
2 3 59 19583
2 2 41 19603
2 3 41 19603
2 2 37 19609
2 3 37 19609
2 2 71 19577
2 3 71 19577
2 2 41 19609
2 3 41 19609
2 2 43 19609
2 3 43 19609
2 2 71 19583
2 3 71 19583
2 2 47 19609
2 3 47 19609
2 2 61 19597
2 3 61 19597
2 2 83 19577
2 3 83 19577
2 2 53 19609
2 3 53 19609
2 2 5 19993
2 2 3 23117
2 2 5 23447
2 3 11 30259
2 2 5 31387
2 3 5 31387
2 2 3 31391
2 3 3 31391
2 2 3 31393
2 3 3 31393
2 2 5 31393
2 3 5 31393
2 2 3 31397
2 3 3 31397
2 2 5 31397
2 3 5 31397
2 2 7 31397
2 3 7 31397
2 2 13 31393
2 3 13 31393
2 2 11 31397
2 3 11 31397
2 2 13 31397
2 3 13 31397
2 2 19 31393
2 3 19 31393
2 2 17 31397
2 3 17 31397
2 2 19 31397
2 3 19 31397
2 2 31 31387
2 3 31 31387
2 2 23 31397
2 3 23 31397
2 2 29 31393
2 3 29 31393
2 2 31 31393
2 3 31 31393
2 2 29 31397
2 3 29 31397
2 2 31 31397
2 3 31 31397
2 2 37 31393
2 3 37 31393
2 2 41 31391
2 3 41 31391
2 2 37 31397
2 3 37 31397
2 2 43 31393
2 3 43 31393
2 2 41 31397
2 3 41 31397
2 2 43 31397
2 3 43 31397
2 2 109 31333
2 3 109 31333
2 2 47 31397
2 3 47 31397
2 2 53 31393
2 3 53 31393
2 2 61 31387
2 3 61 31387
2 2 53 31397
2 3 53 31397
2 2 59 31393
2 3 59 31393
2 2 61 31393
2 3 61 31393
2 2 59 31397
2 3 59 31397
2 2 61 31397
2 3 61 31397
2 2 67 31393
2 3 67 31393
2 2 71 31391
2 3 71 31391
2 2 67 31397
2 3 67 31397
2 2 73 31393
2 3 73 31393
2 2 71 31397
2 3 71 31397
2 2 73 31397
2 3 73 31397
2 3 13 34549
2 3 37 46769
2 3 3 48781
2 2 3 49993
2 2 7 53783
2 2 43 65119
2 2 5 99991
2 3 7 136511
2 2 23 155893
2 3 23 155893
2 2 31 155887
2 3 31 155887
2 2 29 155891
2 3 29 155891
2 2 29 155893
2 3 29 155893
2 2 3 155921
2 3 3 155921
2 2 5 155921
2 3 5 155921
2 2 7 155921
2 3 7 155921
2 2 37 155893
2 3 37 155893
2 2 11 155921
2 3 11 155921
2 2 13 155921
2 3 13 155921
2 2 43 155893
2 3 43 155893
2 2 17 155921
2 3 17 155921
2 2 19 155921
2 3 19 155921
2 2 79 155863
2 3 79 155863
2 2 23 155921
2 3 23 155921
2 2 53 155893
2 3 53 155893
2 2 61 155887
2 3 61 155887
2 2 29 155921
2 3 29 155921
2 2 31 155921
2 3 31 155921
2 2 61 155893
2 3 61 155893
2 2 107 155849
2 3 107 155849
2 2 37 155921
2 3 37 155921
2 2 67 155893
2 3 67 155893
2 2 41 155921
2 3 41 155921
2 2 43 155921
2 3 43 155921
2 2 73 155893
2 3 73 155893
2 2 47 155921
2 3 47 155921
2 2 79 155891
2 3 79 155891
2 2 79 155893
2 3 79 155893
2 2 53 155921
2 3 53 155921
2 2 83 155893
2 3 83 155893
2 2 127 155851
2 3 127 155851
2 2 59 155921
2 3 59 155921
2 2 61 155921
2 3 61 155921
2 2 97 155887
2 3 97 155887
2 2 137 155849
2 3 137 155849
2 2 67 155921
2 3 67 155921
2 2 97 155893
2 3 97 155893
2 2 71 155921
2 3 71 155921
2 2 73 155921
2 3 73 155921
2 2 103 155893
2 3 103 155893
2 2 107 155891
2 3 107 155891
2 2 79 155921
2 3 79 155921
2 2 109 155893
2 3 109 155893
2 2 83 155921
2 3 83 155921
2 2 113 155893
2 3 113 155893
2 2 157 155851
2 3 157 155851
2 2 5 358733
2 2 11 360637
2 3 11 360637
2 2 13 360637
2 3 13 360637
2 2 3 360649
2 3 3 360649
2 2 5 360649
2 3 5 360649
2 2 3 360653
2 3 3 360653
2 2 5 360653
2 3 5 360653
2 2 7 360653
2 3 7 360653
2 2 13 360649
2 3 13 360649
2 2 11 360653
2 3 11 360653
2 2 13 360653
2 3 13 360653
2 2 19 360649
2 3 19 360649
2 2 17 360653
2 3 17 360653
2 2 19 360653
2 3 19 360653
2 2 37 360637
2 3 37 360637
2 2 23 360653
2 3 23 360653
2 2 29 360649
2 3 29 360649
2 2 31 360649
2 3 31 360649
2 2 29 360653
2 3 29 360653
2 2 31 360653
2 3 31 360653
2 2 37 360649
2 3 37 360649
2 2 137 360551
2 3 137 360551
2 2 37 360653
2 3 37 360653
2 2 43 360649
2 3 43 360649
2 2 41 360653
2 3 41 360653
2 2 43 360653
2 3 43 360653
2 2 61 360637
2 3 61 360637
2 2 47 360653
2 3 47 360653
2 2 53 360649
2 3 53 360649
2 2 67 360637
2 3 67 360637
2 2 53 360653
2 3 53 360653
2 2 59 360649
2 3 59 360649
2 2 61 360649
2 3 61 360649
2 2 59 360653
2 3 59 360653
2 2 61 360653
2 3 61 360653
2 2 67 360649
2 3 67 360649
2 2 107 360611
2 3 107 360611
2 2 67 360653
2 3 67 360653
2 2 73 360649
2 3 73 360649
2 2 71 360653
2 3 71 360653
2 2 73 360653
2 3 73 360653
2 2 79 360649
2 3 79 360649
2 2 137 360593
2 3 137 360593
2 2 79 360653
2 3 79 360653
2 2 97 360637
2 3 97 360637
2 2 83 360653
2 3 83 360653
2 2 89 360649
2 3 89 360649
2 2 103 360637
2 3 103 360637
2 2 89 360653
2 3 89 360653
2 2 107 360637
2 3 107 360637
2 2 97 360649
2 3 97 360649
2 2 137 360611
2 3 137 360611
2 2 97 360653
2 3 97 360653
2 2 43 370213
2 3 43 370213
2 2 11 370247
2 3 11 370247
2 2 13 370247
2 3 13 370247
2 2 103 370159
2 3 103 370159
2 2 3 370261
2 3 3 370261
2 2 5 370261
2 3 5 370261
2 2 7 370261
2 3 7 370261
2 2 23 370247
2 3 23 370247
2 2 11 370261
2 3 11 370261
2 2 13 370261
2 3 13 370261
2 2 29 370247
2 3 29 370247
2 2 17 370261
2 3 17 370261
2 2 19 370261
2 3 19 370261
2 2 41 370241
2 3 41 370241
2 2 23 370261
2 3 23 370261
2 2 73 370213
2 3 73 370213
2 2 41 370247
2 3 41 370247
2 2 29 370261
2 3 29 370261
2 2 31 370261
2 3 31 370261
2 2 47 370247
2 3 47 370247
2 2 79 370217
2 3 79 370217
2 2 37 370261
2 3 37 370261
2 2 53 370247
2 3 53 370247
2 2 41 370261
2 3 41 370261
2 2 43 370261
2 3 43 370261
2 2 59 370247
2 3 59 370247
2 2 47 370261
2 3 47 370261
2 2 97 370213
2 3 97 370213
2 2 71 370241
2 3 71 370241
2 2 53 370261
2 3 53 370261
2 2 103 370213
2 3 103 370213
2 2 71 370247
2 3 71 370247
2 2 59 370261
2 3 59 370261
2 2 61 370261
2 3 61 370261
2 2 83 370241
2 3 83 370241
2 2 79 370247
2 3 79 370247
2 2 67 370261
2 3 67 370261
2 2 83 370247
2 3 83 370247
2 2 71 370261
2 3 71 370261
2 2 73 370261
2 3 73 370261
2 2 89 370247
2 3 89 370247
2 2 97 370241
2 3 97 370241
2 2 79 370261
2 3 79 370261
2 2 101 370241
2 3 101 370241
2 2 83 370261
2 3 83 370261
2 2 139 370207
2 3 139 370207
2 2 101 370247
2 3 101 370247
2 2 89 370261
2 3 89 370261
2 2 139 370213
2 3 139 370213
2 2 107 370247
2 3 107 370247
2 2 109 370247
2 3 109 370247
2 2 97 370261
2 3 97 370261
2 2 113 370247
2 3 113 370247
2 2 101 370261
2 3 101 370261
2 2 103 370261
2 3 103 370261
2 2 149 370217
2 3 149 370217
2 2 107 370261
2 3 107 370261
2 2 109 370261
2 3 109 370261
2 2 131 370241
2 3 131 370241
2 2 113 370261
2 3 113 370261
2 3 11 452611
2 2 5 492103
2 3 5 492103
2 2 7 492103
2 3 7 492103
2 2 29 492083
2 3 29 492083
2 2 11 492103
2 3 11 492103
2 2 3 492113
2 3 3 492113
2 2 5 492113
2 3 5 492113
2 2 7 492113
2 3 7 492113
2 2 19 492103
2 3 19 492103
2 2 11 492113
2 3 11 492113
2 2 13 492113
2 3 13 492113
2 2 61 492067
2 3 61 492067
2 2 17 492113
2 3 17 492113
2 2 19 492113
2 3 19 492113
2 2 31 492103
2 3 31 492103
2 2 23 492113
2 3 23 492113
2 2 61 492077
2 3 61 492077
2 2 37 492103
2 3 37 492103
2 2 29 492113
2 3 29 492113
2 2 31 492113
2 3 31 492113
2 2 43 492103
2 3 43 492103
2 2 71 492077
2 3 71 492077
2 2 37 492113
2 3 37 492113
2 2 139 492013
2 3 139 492013
2 2 41 492113
2 3 41 492113
2 2 43 492113
2 3 43 492113
2 2 97 492061
2 3 97 492061
2 2 47 492113
2 3 47 492113
2 2 59 492103
2 3 59 492103
2 2 61 492103
2 3 61 492103
2 2 53 492113
2 3 53 492113
2 2 101 492067
2 3 101 492067
2 2 67 492103
2 3 67 492103
2 2 59 492113
2 3 59 492113
2 2 61 492113
2 3 61 492113
2 2 73 492103
2 3 73 492103
2 2 101 492077
2 3 101 492077
2 2 67 492113
2 3 67 492113
2 2 79 492103
2 3 79 492103
2 2 71 492113
2 3 71 492113
2 2 73 492113
2 3 73 492113
2 2 127 492061
2 3 127 492061
2 2 107 492083
2 3 107 492083
2 2 79 492113
2 3 79 492113
2 2 127 492067
2 3 127 492067
2 2 83 492113
2 3 83 492113
2 2 131 492067
2 3 131 492067
2 2 97 492103
2 3 97 492103
2 2 89 492113
2 3 89 492113
2 2 101 492103
2 3 101 492103
2 2 103 492103
2 3 103 492103
2 2 131 492077
2 3 131 492077
2 2 97 492113
2 3 97 492113
2 2 109 492103
2 3 109 492103
2 2 101 492113
2 3 101 492113
2 2 103 492113
2 3 103 492113
2 2 151 492067
2 3 151 492067
2 2 107 492113
2 3 107 492113
2 2 109 492113
2 3 109 492113
2 2 157 492067
2 3 157 492067
2 2 113 492113
2 3 113 492113
2 2 151 492077
2 3 151 492077
2 2 11 503779
2 3 43 537793
2 2 3 643429
2 3 29 786077
2 3 11 999983
2 2 13 999983
2 2 37 1065433
2 3 29 2398441
2 2 7 2982971
2 3 41 2999957
2 2 41 3058697
2 3 5 3354881
2 3 61 4352279
2 3 7 5037829
2 3 11 5324747
2 2 13 5654827
2 3 89 6518893
2 3 3 7151533
2 3 5 9312313
2 2 11 9654397
2 3 11 9654397
2 3 13 9999973
2 2 17 9999971
2 3 17 9999971
2 2 17 9999973
2 3 17 9999973
2 2 19 9999973
2 3 19 9999973
2 2 3 9999991
2 3 3 9999991
2 2 5 9999991
